#
# There is insufficient memory for the Java Runtime Environment to continue.
# Native memory allocation (malloc) failed to allocate 32744 bytes for ChunkPool::allocate
# Possible reasons:
#   The system is out of physical RAM or swap space
#   In 32 bit mode, the process size limit was hit
# Possible solutions:
#   Reduce memory load on the system
#   Increase physical memory or swap space
#   Check if swap backing store is full
#   Use 64 bit Java on a 64 bit OS
#   Decrease Java heap size (-Xmx/-Xms)
#   Decrease number of Java threads
#   Decrease Java thread stack sizes (-Xss)
#   Set larger code cache with -XX:ReservedCodeCacheSize=
# This output file may be truncated or incomplete.
#
#  Out of Memory Error (allocation.cpp:273), pid=8108, tid=0x000000000000013c
#
# JRE version: OpenJDK Runtime Environment (8.0_152-b06) (build 1.8.0_152-release-1136-b06)
# Java VM: OpenJDK 64-Bit Server VM (25.152-b06 mixed mode windows-amd64 compressed oops)
# Failed to write core dump. Minidumps are not enabled by default on client versions of Windows
#

---------------  T H R E A D  ---------------

Current thread (0x0000000016dc8000):  JavaThread "C2 CompilerThread0" daemon [_thread_in_native, id=316, stack(0x0000000018430000,0x0000000018530000)]

Stack: [0x0000000018430000,0x0000000018530000]
[error occurred during error reporting (printing stack bounds), id 0xc0000005]

Native frames: (J=compiled Java code, j=interpreted, Vv=VM code, C=native code)


Current CompileTask:
C2:   8834 1352       4       java.net.URLClassLoader$1::run (5 bytes)


---------------  P R O C E S S  ---------------

Java Threads: ( => current thread )
  0x000000001949d800 JavaThread "Cache worker for file hash cache (C:\Users\win\AndroidStudioProjects\Siadin\.gradle\4.6\fileHashes)" [_thread_blocked, id=7792, stack(0x000000001c950000,0x000000001ca50000)]
  0x0000000018faf000 JavaThread "File lock request listener" [_thread_in_native, id=9708, stack(0x000000001b880000,0x000000001b980000)]
  0x0000000018f18800 JavaThread "Cache worker for file hash cache (C:\Users\win\.gradle\caches\4.6\fileHashes)" [_thread_blocked, id=3968, stack(0x000000001b780000,0x000000001b880000)]
  0x0000000018f15800 JavaThread "Stdin handler" [_thread_blocked, id=15312, stack(0x000000001b480000,0x000000001b580000)]
  0x0000000018f03000 JavaThread "Asynchronous log dispatcher for DefaultDaemonConnection: socket connection from /127.0.0.1:56199 to /127.0.0.1:56200" [_thread_blocked, id=7388, stack(0x000000001b380000,0x000000001b480000)]
  0x0000000018f17800 JavaThread "Daemon worker" [_thread_in_vm, id=13432, stack(0x000000001b280000,0x000000001b380000)]
  0x00000000194bb000 JavaThread "Cancel handler" [_thread_blocked, id=6476, stack(0x000000001b180000,0x000000001b280000)]
  0x0000000019061000 JavaThread "Handler for socket connection from /127.0.0.1:56199 to /127.0.0.1:56200" [_thread_in_native, id=9340, stack(0x000000001ae80000,0x000000001af80000)]
  0x0000000019007000 JavaThread "Daemon" [_thread_blocked, id=12020, stack(0x000000001ad80000,0x000000001ae80000)]
  0x000000001913e800 JavaThread "Daemon periodic checks" [_thread_blocked, id=6004, stack(0x000000001ac80000,0x000000001ad80000)]
  0x00000000190d3800 JavaThread "Incoming local TCP Connector on port 56199" [_thread_in_native, id=2436, stack(0x000000001aa40000,0x000000001ab40000)]
  0x0000000018750800 JavaThread "Service Thread" daemon [_thread_blocked, id=1300, stack(0x0000000018b30000,0x0000000018c30000)]
  0x0000000016dda000 JavaThread "C1 CompilerThread2" daemon [_thread_blocked, id=9160, stack(0x0000000018630000,0x0000000018730000)]
  0x0000000016dcf000 JavaThread "C2 CompilerThread1" daemon [_thread_in_native, id=3088, stack(0x0000000018530000,0x0000000018630000)]
=>0x0000000016dc8000 JavaThread "C2 CompilerThread0" daemon [_thread_in_native, id=316, stack(0x0000000018430000,0x0000000018530000)]
  0x0000000016dd6000 JavaThread "Attach Listener" daemon [_thread_blocked, id=12572, stack(0x0000000018330000,0x0000000018430000)]
  0x0000000016dd4800 JavaThread "Signal Dispatcher" daemon [_thread_blocked, id=2612, stack(0x0000000018230000,0x0000000018330000)]
  0x0000000016db8000 JavaThread "Finalizer" daemon [_thread_blocked, id=12800, stack(0x0000000018040000,0x0000000018140000)]
  0x0000000003451800 JavaThread "Reference Handler" daemon [_thread_blocked, id=9508, stack(0x0000000017f40000,0x0000000018040000)]
  0x00000000032bd800 JavaThread "main" [_thread_blocked, id=10292, stack(0x0000000003170000,0x0000000003270000)]

Other Threads:
  0x0000000016d95800 VMThread [stack: 0x0000000017e40000,0x0000000017f40000] [id=14496]
  0x0000000018751000 WatcherThread [stack: 0x0000000018c30000,0x0000000018d30000] [id=5832]

VM state:not at safepoint (normal execution)

VM Mutex/Monitor currently owned by a thread: None

Heap:
 PSYoungGen      total 28672K, used 16470K [0x00000000e0000000, 0x00000000e2000000, 0x0000000100000000)
  eden space 24576K, 50% used [0x00000000e0000000,0x00000000e0c19b20,0x00000000e1800000)
  from space 4096K, 99% used [0x00000000e1c00000,0x00000000e1ffc010,0x00000000e2000000)
  to   space 4096K, 0% used [0x00000000e1800000,0x00000000e1800000,0x00000000e1c00000)
 ParOldGen       total 65536K, used 4215K [0x00000000a0000000, 0x00000000a4000000, 0x00000000e0000000)
  object space 65536K, 6% used [0x00000000a0000000,0x00000000a041dff8,0x00000000a4000000)
 Metaspace       used 15572K, capacity 15960K, committed 16256K, reserved 1062912K
  class space    used 2203K, capacity 2348K, committed 2432K, reserved 1048576K

Card table byte_map: [0x0000000012820000,0x0000000012b30000] byte_map_base: 0x0000000012320000

Marking Bits: (ParMarkBitMap*) 0x0000000063c05aa0
 Begin Bits: [0x0000000013130000, 0x0000000014930000)
 End Bits:   [0x0000000014930000, 0x0000000016130000)

Polling page: 0x00000000013f0000

CodeCache: size=245760Kb used=4969Kb max_used=4969Kb free=240790Kb
 bounds [0x0000000003460000, 0x0000000003940000, 0x0000000012460000]
 total_blobs=1820 nmethods=1447 adapters=286
 compilation: enabled

Compilation events (10 events):
Event: 8.628 Thread 0x0000000016dda000 1466       3       java.lang.AbstractStringBuilder::append (62 bytes)
Event: 8.630 Thread 0x0000000016dda000 nmethod 1466 0x000000000393b1d0 code [0x000000000393b3c0, 0x000000000393bcf8]
Event: 8.631 Thread 0x0000000016dda000 1467       3       sun.misc.ProxyGenerator::access$700 (7 bytes)
Event: 8.631 Thread 0x0000000016dda000 nmethod 1467 0x0000000003939690 code [0x0000000003939800, 0x00000000039399e8]
Event: 8.631 Thread 0x0000000016dda000 1468       3       java.io.ByteArrayOutputStream::grow (43 bytes)
Event: 8.632 Thread 0x0000000016dda000 nmethod 1468 0x000000000393c210 code [0x000000000393c3c0, 0x000000000393c9b8]
Event: 8.814 Thread 0x0000000016dda000 1470       3       org.objectweb.asm.ClassWriter::get (49 bytes)
Event: 8.814 Thread 0x0000000016dda000 nmethod 1470 0x000000000393cc10 code [0x000000000393cda0, 0x000000000393d128]
Event: 8.814 Thread 0x0000000016dda000 1471       3       org.objectweb.asm.Item::set (219 bytes)
Event: 8.815 Thread 0x0000000016dda000 nmethod 1471 0x000000000393d2d0 code [0x000000000393d480, 0x000000000393db38]

GC Heap History (8 events):
Event: 2.490 GC heap before
{Heap before GC invocations=1 (full 0):
 PSYoungGen      total 28672K, used 24576K [0x00000000e0000000, 0x00000000e2000000, 0x0000000100000000)
  eden space 24576K, 100% used [0x00000000e0000000,0x00000000e1800000,0x00000000e1800000)
  from space 4096K, 0% used [0x00000000e1c00000,0x00000000e1c00000,0x00000000e2000000)
  to   space 4096K, 0% used [0x00000000e1800000,0x00000000e1800000,0x00000000e1c00000)
 ParOldGen       total 65536K, used 0K [0x00000000a0000000, 0x00000000a4000000, 0x00000000e0000000)
  object space 65536K, 0% used [0x00000000a0000000,0x00000000a0000000,0x00000000a4000000)
 Metaspace       used 6918K, capacity 7050K, committed 7168K, reserved 1056768K
  class space    used 845K, capacity 907K, committed 1024K, reserved 1048576K
Event: 2.509 GC heap after
Heap after GC invocations=1 (full 0):
 PSYoungGen      total 28672K, used 4079K [0x00000000e0000000, 0x00000000e2000000, 0x0000000100000000)
  eden space 24576K, 0% used [0x00000000e0000000,0x00000000e0000000,0x00000000e1800000)
  from space 4096K, 99% used [0x00000000e1800000,0x00000000e1bfbc20,0x00000000e1c00000)
  to   space 4096K, 0% used [0x00000000e1c00000,0x00000000e1c00000,0x00000000e2000000)
 ParOldGen       total 65536K, used 104K [0x00000000a0000000, 0x00000000a4000000, 0x00000000e0000000)
  object space 65536K, 0% used [0x00000000a0000000,0x00000000a001a148,0x00000000a4000000)
 Metaspace       used 6918K, capacity 7050K, committed 7168K, reserved 1056768K
  class space    used 845K, capacity 907K, committed 1024K, reserved 1048576K
}
Event: 3.933 GC heap before
{Heap before GC invocations=2 (full 0):
 PSYoungGen      total 28672K, used 28655K [0x00000000e0000000, 0x00000000e2000000, 0x0000000100000000)
  eden space 24576K, 100% used [0x00000000e0000000,0x00000000e1800000,0x00000000e1800000)
  from space 4096K, 99% used [0x00000000e1800000,0x00000000e1bfbc20,0x00000000e1c00000)
  to   space 4096K, 0% used [0x00000000e1c00000,0x00000000e1c00000,0x00000000e2000000)
 ParOldGen       total 65536K, used 104K [0x00000000a0000000, 0x00000000a4000000, 0x00000000e0000000)
  object space 65536K, 0% used [0x00000000a0000000,0x00000000a001a148,0x00000000a4000000)
 Metaspace       used 7262K, capacity 7428K, committed 7680K, reserved 1056768K
  class space    used 905K, capacity 948K, committed 1024K, reserved 1048576K
Event: 3.941 GC heap after
Heap after GC invocations=2 (full 0):
 PSYoungGen      total 28672K, used 3013K [0x00000000e0000000, 0x00000000e2000000, 0x0000000100000000)
  eden space 24576K, 0% used [0x00000000e0000000,0x00000000e0000000,0x00000000e1800000)
  from space 4096K, 73% used [0x00000000e1c00000,0x00000000e1ef1628,0x00000000e2000000)
  to   space 4096K, 0% used [0x00000000e1800000,0x00000000e1800000,0x00000000e1c00000)
 ParOldGen       total 65536K, used 112K [0x00000000a0000000, 0x00000000a4000000, 0x00000000e0000000)
  object space 65536K, 0% used [0x00000000a0000000,0x00000000a001c148,0x00000000a4000000)
 Metaspace       used 7262K, capacity 7428K, committed 7680K, reserved 1056768K
  class space    used 905K, capacity 948K, committed 1024K, reserved 1048576K
}
Event: 7.508 GC heap before
{Heap before GC invocations=3 (full 0):
 PSYoungGen      total 28672K, used 27589K [0x00000000e0000000, 0x00000000e2000000, 0x0000000100000000)
  eden space 24576K, 100% used [0x00000000e0000000,0x00000000e1800000,0x00000000e1800000)
  from space 4096K, 73% used [0x00000000e1c00000,0x00000000e1ef1628,0x00000000e2000000)
  to   space 4096K, 0% used [0x00000000e1800000,0x00000000e1800000,0x00000000e1c00000)
 ParOldGen       total 65536K, used 112K [0x00000000a0000000, 0x00000000a4000000, 0x00000000e0000000)
  object space 65536K, 0% used [0x00000000a0000000,0x00000000a001c148,0x00000000a4000000)
 Metaspace       used 12343K, capacity 12628K, committed 12800K, reserved 1060864K
  class space    used 1646K, capacity 1770K, committed 1792K, reserved 1048576K
Event: 7.528 GC heap after
Heap after GC invocations=3 (full 0):
 PSYoungGen      total 28672K, used 4083K [0x00000000e0000000, 0x00000000e2000000, 0x0000000100000000)
  eden space 24576K, 0% used [0x00000000e0000000,0x00000000e0000000,0x00000000e1800000)
  from space 4096K, 99% used [0x00000000e1800000,0x00000000e1bfce38,0x00000000e1c00000)
  to   space 4096K, 0% used [0x00000000e1c00000,0x00000000e1c00000,0x00000000e2000000)
 ParOldGen       total 65536K, used 1932K [0x00000000a0000000, 0x00000000a4000000, 0x00000000e0000000)
  object space 65536K, 2% used [0x00000000a0000000,0x00000000a01e3280,0x00000000a4000000)
 Metaspace       used 12343K, capacity 12628K, committed 12800K, reserved 1060864K
  class space    used 1646K, capacity 1770K, committed 1792K, reserved 1048576K
}
Event: 8.164 GC heap before
{Heap before GC invocations=4 (full 0):
 PSYoungGen      total 28672K, used 28659K [0x00000000e0000000, 0x00000000e2000000, 0x0000000100000000)
  eden space 24576K, 100% used [0x00000000e0000000,0x00000000e1800000,0x00000000e1800000)
  from space 4096K, 99% used [0x00000000e1800000,0x00000000e1bfce38,0x00000000e1c00000)
  to   space 4096K, 0% used [0x00000000e1c00000,0x00000000e1c00000,0x00000000e2000000)
 ParOldGen       total 65536K, used 1932K [0x00000000a0000000, 0x00000000a4000000, 0x00000000e0000000)
  object space 65536K, 2% used [0x00000000a0000000,0x00000000a01e3280,0x00000000a4000000)
 Metaspace       used 14195K, capacity 14520K, committed 14720K, reserved 1062912K
  class space    used 1984K, capacity 2124K, committed 2176K, reserved 1048576K
Event: 8.177 GC heap after
Heap after GC invocations=4 (full 0):
 PSYoungGen      total 28672K, used 4080K [0x00000000e0000000, 0x00000000e2000000, 0x0000000100000000)
  eden space 24576K, 0% used [0x00000000e0000000,0x00000000e0000000,0x00000000e1800000)
  from space 4096K, 99% used [0x00000000e1c00000,0x00000000e1ffc010,0x00000000e2000000)
  to   space 4096K, 0% used [0x00000000e1800000,0x00000000e1800000,0x00000000e1c00000)
 ParOldGen       total 65536K, used 4215K [0x00000000a0000000, 0x00000000a4000000, 0x00000000e0000000)
  object space 65536K, 6% used [0x00000000a0000000,0x00000000a041dff8,0x00000000a4000000)
 Metaspace       used 14195K, capacity 14520K, committed 14720K, reserved 1062912K
  class space    used 1984K, capacity 2124K, committed 2176K, reserved 1048576K
}

Deoptimization events (10 events):
Event: 5.089 Thread 0x00000000032bd800 Uncommon trap: reason=unstable_if action=reinterpret pc=0x000000000371bc18 method=java.io.WinNTFileSystem.normalize(Ljava/lang/String;)Ljava/lang/String; @ 128
Event: 5.089 Thread 0x00000000032bd800 Uncommon trap: reason=unstable_if action=reinterpret pc=0x0000000003781d18 method=java.io.WinNTFileSystem.normalize(Ljava/lang/String;II)Ljava/lang/String; @ 90
Event: 7.254 Thread 0x0000000019061000 Uncommon trap: reason=unstable_if action=reinterpret pc=0x0000000003866e30 method=java.util.concurrent.ConcurrentHashMap.putVal(Ljava/lang/Object;Ljava/lang/Object;Z)Ljava/lang/Object; @ 206
Event: 7.396 Thread 0x0000000018f17800 Uncommon trap: reason=bimorphic action=maybe_recompile pc=0x000000000379d6c8 method=java.util.HashMap.putVal(ILjava/lang/Object;Ljava/lang/Object;ZZ)Ljava/lang/Object; @ 253
Event: 7.397 Thread 0x0000000018f17800 Uncommon trap: reason=bimorphic action=maybe_recompile pc=0x000000000379d6c8 method=java.util.HashMap.putVal(ILjava/lang/Object;Ljava/lang/Object;ZZ)Ljava/lang/Object; @ 253
Event: 7.397 Thread 0x0000000018f17800 Uncommon trap: reason=bimorphic action=maybe_recompile pc=0x000000000379d6c8 method=java.util.HashMap.putVal(ILjava/lang/Object;Ljava/lang/Object;ZZ)Ljava/lang/Object; @ 253
Event: 7.959 Thread 0x0000000018f17800 Uncommon trap: reason=class_check action=maybe_recompile pc=0x0000000003712144 method=java.util.regex.Matcher.match(II)Z @ 86
Event: 7.960 Thread 0x0000000018f17800 Uncommon trap: reason=class_check action=maybe_recompile pc=0x0000000003712144 method=java.util.regex.Matcher.match(II)Z @ 86
Event: 8.091 Thread 0x0000000018f17800 Uncommon trap: reason=class_check action=maybe_recompile pc=0x00000000036dc3dc method=java.util.regex.Matcher.match(II)Z @ 86
Event: 8.242 Thread 0x0000000018f17800 Uncommon trap: reason=unstable_if action=reinterpret pc=0x00000000035990b4 method=java.lang.String.lastIndexOf([CII[CIII)I @ 66

Classes redefined (0 events):
No events

Internal exceptions (10 events):
Event: 7.292 Thread 0x0000000019061000 Exception <a 'java/lang/NoSuchMethodError': <clinit>> (0x00000000e12b75b8) thrown at [D:\src\AOSP-openjdk-cygwin\jdk8u\hotspot\src\share\vm\prims\jni.cpp, line 1613]
Event: 7.294 Thread 0x0000000019061000 Exception <a 'java/lang/NoSuchMethodError': <clinit>> (0x00000000e12c8c08) thrown at [D:\src\AOSP-openjdk-cygwin\jdk8u\hotspot\src\share\vm\prims\jni.cpp, line 1613]
Event: 7.317 Thread 0x0000000019061000 Exception <a 'java/lang/NoSuchMethodError': <clinit>> (0x00000000e133c9c8) thrown at [D:\src\AOSP-openjdk-cygwin\jdk8u\hotspot\src\share\vm\prims\jni.cpp, line 1613]
Event: 7.324 Thread 0x0000000019061000 Exception <a 'java/lang/NoSuchMethodError': <clinit>> (0x00000000e1361ce8) thrown at [D:\src\AOSP-openjdk-cygwin\jdk8u\hotspot\src\share\vm\prims\jni.cpp, line 1613]
Event: 7.331 Thread 0x0000000019061000 Exception <a 'java/lang/NoSuchMethodError': <clinit>> (0x00000000e138d268) thrown at [D:\src\AOSP-openjdk-cygwin\jdk8u\hotspot\src\share\vm\prims\jni.cpp, line 1613]
Event: 7.336 Thread 0x0000000019061000 Exception <a 'java/lang/NoSuchMethodError': <clinit>> (0x00000000e1398658) thrown at [D:\src\AOSP-openjdk-cygwin\jdk8u\hotspot\src\share\vm\prims\jni.cpp, line 1613]
Event: 7.339 Thread 0x0000000019061000 Exception <a 'java/lang/NoSuchMethodError': <clinit>> (0x00000000e13a3ed0) thrown at [D:\src\AOSP-openjdk-cygwin\jdk8u\hotspot\src\share\vm\prims\jni.cpp, line 1613]
Event: 7.344 Thread 0x0000000019061000 Exception <a 'java/lang/NoSuchMethodError': <clinit>> (0x00000000e13c71a0) thrown at [D:\src\AOSP-openjdk-cygwin\jdk8u\hotspot\src\share\vm\prims\jni.cpp, line 1613]
Event: 7.375 Thread 0x0000000018f17800 Exception <a 'java/lang/NoSuchMethodError': <clinit>> (0x00000000e1498638) thrown at [D:\src\AOSP-openjdk-cygwin\jdk8u\hotspot\src\share\vm\prims\jni.cpp, line 1613]
Event: 7.376 Thread 0x0000000018f17800 Exception <a 'java/lang/NoSuchMethodError': <clinit>> (0x00000000e14a08c0) thrown at [D:\src\AOSP-openjdk-cygwin\jdk8u\hotspot\src\share\vm\prims\jni.cpp, line 1613]

Events (10 events):
Event: 8.819 loading class org/gradle/internal/ImmutableActionSet
Event: 8.819 loading class org/gradle/internal/ImmutableActionSet done
Event: 8.820 loading class org/gradle/internal/ImmutableActionSet$SingletonSet
Event: 8.820 loading class org/gradle/internal/ImmutableActionSet$SingletonSet done
Event: 8.823 loading class org/gradle/internal/ImmutableActionSet$CompositeSet
Event: 8.823 loading class org/gradle/internal/ImmutableActionSet$CompositeSet done
Event: 8.824 loading class org/gradle/internal/ImmutableActionSet$EmptySet
Event: 8.824 loading class org/gradle/internal/ImmutableActionSet$EmptySet done
Event: 8.825 loading class org/gradle/plugin/management/internal/DefaultPluginResolutionStrategy$1
Event: 8.825 loading class org/gradle/plugin/management/internal/DefaultPluginResolutionStrategy$1 done


Dynamic libraries:
0x00007ff7d25d0000 - 0x00007ff7d2601000 	C:\Program Files\Android\Android Studio\jre\bin\java.exe
0x00007ffbf7fe0000 - 0x00007ffbf81c1000 	C:\Windows\SYSTEM32\ntdll.dll
0x00007ffbf60d0000 - 0x00007ffbf6181000 	C:\Windows\System32\KERNEL32.DLL
0x00007ffbf43d0000 - 0x00007ffbf4643000 	C:\Windows\System32\KERNELBASE.dll
0x00007ffbf5d30000 - 0x00007ffbf5dd1000 	C:\Windows\System32\ADVAPI32.dll
0x00007ffbf5de0000 - 0x00007ffbf5e7e000 	C:\Windows\System32\msvcrt.dll
0x00007ffbf7e30000 - 0x00007ffbf7e8b000 	C:\Windows\System32\sechost.dll
0x00007ffbf56f0000 - 0x00007ffbf5814000 	C:\Windows\System32\RPCRT4.dll
0x00007ffbf5470000 - 0x00007ffbf5600000 	C:\Windows\System32\USER32.dll
0x00007ffbf43b0000 - 0x00007ffbf43d0000 	C:\Windows\System32\win32u.dll
0x00007ffbf5830000 - 0x00007ffbf5858000 	C:\Windows\System32\GDI32.dll
0x00007ffbf5060000 - 0x00007ffbf51f1000 	C:\Windows\System32\gdi32full.dll
0x00007ffbf5200000 - 0x00007ffbf529f000 	C:\Windows\System32\msvcp_win.dll
0x00007ffbf52a0000 - 0x00007ffbf5398000 	C:\Windows\System32\ucrtbase.dll
0x00007ffbe59d0000 - 0x00007ffbe5c39000 	C:\Windows\WinSxS\amd64_microsoft.windows.common-controls_6595b64144ccf1df_6.0.17134.950_none_fb3da4273069d3e0\COMCTL32.dll
0x00007ffbf78d0000 - 0x00007ffbf7bf2000 	C:\Windows\System32\combase.dll
0x00007ffbf53a0000 - 0x00007ffbf5419000 	C:\Windows\System32\bcryptPrimitives.dll
0x00007ffbf6190000 - 0x00007ffbf61bd000 	C:\Windows\System32\IMM32.DLL
0x0000000063280000 - 0x0000000063352000 	C:\Program Files\Android\Android Studio\jre\jre\bin\msvcr100.dll
0x0000000063440000 - 0x0000000063c81000 	C:\Program Files\Android\Android Studio\jre\jre\bin\server\jvm.dll
0x00007ffbf7fa0000 - 0x00007ffbf7fa8000 	C:\Windows\System32\PSAPI.DLL
0x00007ffbf0d90000 - 0x00007ffbf0d99000 	C:\Windows\SYSTEM32\WSOCK32.dll
0x00007ffbf77e0000 - 0x00007ffbf784c000 	C:\Windows\System32\WS2_32.dll
0x00007ffbeb770000 - 0x00007ffbeb793000 	C:\Windows\SYSTEM32\WINMM.dll
0x00007ffbf0bf0000 - 0x00007ffbf0bfa000 	C:\Windows\SYSTEM32\VERSION.dll
0x00007ffbeb740000 - 0x00007ffbeb76a000 	C:\Windows\SYSTEM32\WINMMBASE.dll
0x00007ffbf5420000 - 0x00007ffbf5469000 	C:\Windows\System32\cfgmgr32.dll
0x00007ffbf0d80000 - 0x00007ffbf0d8f000 	C:\Program Files\Android\Android Studio\jre\jre\bin\verify.dll
0x00007ffbe8da0000 - 0x00007ffbe8dc9000 	C:\Program Files\Android\Android Studio\jre\jre\bin\java.dll
0x00007ffbe8d80000 - 0x00007ffbe8d96000 	C:\Program Files\Android\Android Studio\jre\jre\bin\zip.dll
0x00007ffbf6340000 - 0x00007ffbf7780000 	C:\Windows\System32\SHELL32.dll
0x00007ffbf7e90000 - 0x00007ffbf7f39000 	C:\Windows\System32\shcore.dll
0x00007ffbf46b0000 - 0x00007ffbf4dbd000 	C:\Windows\System32\windows.storage.dll
0x00007ffbf7780000 - 0x00007ffbf77d1000 	C:\Windows\System32\shlwapi.dll
0x00007ffbf42f0000 - 0x00007ffbf4301000 	C:\Windows\System32\kernel.appcore.dll
0x00007ffbf4380000 - 0x00007ffbf439f000 	C:\Windows\System32\profapi.dll
0x00007ffbf4310000 - 0x00007ffbf435c000 	C:\Windows\System32\powrprof.dll
0x00007ffbf43a0000 - 0x00007ffbf43aa000 	C:\Windows\System32\FLTLIB.DLL
0x00007ffbe8d60000 - 0x00007ffbe8d7a000 	C:\Program Files\Android\Android Studio\jre\jre\bin\net.dll
0x00007ffbf3b70000 - 0x00007ffbf3bd6000 	C:\Windows\system32\mswsock.dll
0x00007ffbe8d40000 - 0x00007ffbe8d51000 	C:\Program Files\Android\Android Studio\jre\jre\bin\nio.dll
0x00007ffbe5e70000 - 0x00007ffbe5e8e000 	C:\Users\win\.gradle\native\25\windows-amd64\native-platform.dll
0x00007ffbf0d70000 - 0x00007ffbf0d7d000 	C:\Program Files\Android\Android Studio\jre\jre\bin\management.dll
0x00007ffbf3d20000 - 0x00007ffbf3d37000 	C:\Windows\SYSTEM32\CRYPTSP.dll
0x00007ffbf3720000 - 0x00007ffbf3753000 	C:\Windows\system32\rsaenh.dll
0x00007ffbf3e50000 - 0x00007ffbf3e75000 	C:\Windows\SYSTEM32\bcrypt.dll
0x00007ffbf41f0000 - 0x00007ffbf4218000 	C:\Windows\SYSTEM32\USERENV.dll
0x00007ffbf3d40000 - 0x00007ffbf3d4b000 	C:\Windows\SYSTEM32\CRYPTBASE.dll
0x00007ffbf38c0000 - 0x00007ffbf38f8000 	C:\Windows\SYSTEM32\IPHLPAPI.DLL
0x00007ffbf60c0000 - 0x00007ffbf60c8000 	C:\Windows\System32\NSI.dll
0x00007ffbee790000 - 0x00007ffbee7a6000 	C:\Windows\SYSTEM32\dhcpcsvc6.DLL
0x00007ffbeef10000 - 0x00007ffbeef2a000 	C:\Windows\SYSTEM32\dhcpcsvc.DLL

VM Arguments:
jvm_args: -Xmx1536m -Dfile.encoding=windows-1252 -Duser.country=ID -Duser.language=en -Duser.variant 
java_command: org.gradle.launcher.daemon.bootstrap.GradleDaemon 4.6
java_class_path (initial): C:\Users\win\.gradle\wrapper\dists\gradle-4.6-all\bcst21l2brirad8k2ben1letg\gradle-4.6\lib\gradle-launcher-4.6.jar
Launcher Type: SUN_STANDARD

Environment Variables:
PATH=C:\Program Files (x86)\Common Files\Oracle\Java\javapath;C:\ProgramData\Oracle\Java\javapath;C:\Program Files (x86)\Common Files\Intel\Shared Files\cpp\bin\Intel64;C:\Windows\system32;C:\Windows;C:\Windows\System32\Wbem;C:\Windows\System32\WindowsPowerShell\v1.0\;C:\Windows\System32\OpenSSH\;C:\Program Files (x86)\NVIDIA Corporation\PhysX\Common;C:\Program Files\Java\jdk1.8.0_102\bin;C:\Users\win\Android\sdk\tools;C:\Users\win\Android\sdk\platform-tools%JAVA_HOME%;C:\Users\win\AppData\Local\Android\Sdk\tools;;C:\Program Files\NVIDIA Corporation\NVIDIA NvDLISR;C:\Program Files\nodejs\;C:\Users\win\AppData\Local\Microsoft\WindowsApps;;C:\Users\win\AppData\Local\Programs\Microsoft VS Code\bin;C:\Users\win\AppData\Roaming\npm
USERNAME=win
OS=Windows_NT
PROCESSOR_IDENTIFIER=Intel64 Family 6 Model 61 Stepping 4, GenuineIntel



---------------  S Y S T E M  ---------------

OS: Windows 10.0 , 64 bit Build 17134 (10.0.17134.753)

CPU:total 4 (initial active 4) (2 cores per cpu, 2 threads per core) family 6 model 61 stepping 4, cmov, cx8, fxsr, mmx, sse, sse2, sse3, ssse3, sse4.1, sse4.2, popcnt, avx, avx2, aes, clmul, erms, 3dnowpref, lzcnt, ht, tsc, tscinvbit, bmi1, bmi2, adx

Memory: 4k page, physical 6201604k(603440k free), swap 20761600k(4132k free)

vm_info: OpenJDK 64-Bit Server VM (25.152-b06) for windows-amd64 JRE (1.8.0_152-release-1136-b06), built by "builder" with MS VC++ 10.0 (VS2010)

time: Fri Aug 30 13:00:19 2019
elapsed time: 8 seconds (0d 0h 0m 8s)

